<?xml version="1.0" encoding="UTF-8"?>
<testng-results ignored="0" total="2" passed="2" failed="0" skipped="0">
  <reporter-output>
  </reporter-output>
  <suite started-at="2023-06-09T22:55:51 IST" name="Suite" finished-at="2023-06-09T22:56:05 IST" duration-ms="13906">
    <groups>
    </groups>
    <test started-at="2023-06-09T22:55:51 IST" name="Chrome Test" finished-at="2023-06-09T22:56:04 IST" duration-ms="12564">
      <class name="testcase.TestClass">
        <test-method is-config="true" signature="initializeSetup(java.lang.String)[pri:0, instance:testcase.TestClass@4c9f8c13]" started-at="2023-06-09T22:55:51 IST" name="initializeSetup" finished-at="2023-06-09T22:55:54 IST" duration-ms="2696" status="PASS">
          <params>
            <param index="0">
              <value>
                <![CDATA[5555]]>
              </value>
            </param>
          </params>
          <reporter-output>
          </reporter-output>
        </test-method> <!-- initializeSetup -->
        <test-method signature="testCase1()[pri:0, instance:testcase.TestClass@4c9f8c13]" started-at="2023-06-09T22:55:54 IST" name="testCase1" finished-at="2023-06-09T22:56:04 IST" duration-ms="9842" status="PASS">
          <reporter-output>
          </reporter-output>
        </test-method> <!-- testCase1 -->
      </class> <!-- testcase.TestClass -->
    </test> <!-- Chrome Test -->
    <test started-at="2023-06-09T22:55:51 IST" name="Microsoft Edge Test" finished-at="2023-06-09T22:56:05 IST" duration-ms="13906">
      <class name="testcase.TestClass">
        <test-method is-config="true" signature="initializeSetup(java.lang.String)[pri:0, instance:testcase.TestClass@20deea7f]" started-at="2023-06-09T22:55:51 IST" name="initializeSetup" finished-at="2023-06-09T22:55:56 IST" duration-ms="4520" status="PASS">
          <params>
            <param index="0">
              <value>
                <![CDATA[6666]]>
              </value>
            </param>
          </params>
          <reporter-output>
          </reporter-output>
        </test-method> <!-- initializeSetup -->
        <test-method signature="testCase1()[pri:0, instance:testcase.TestClass@20deea7f]" started-at="2023-06-09T22:55:56 IST" name="testCase1" finished-at="2023-06-09T22:56:05 IST" duration-ms="9361" status="PASS">
          <reporter-output>
          </reporter-output>
        </test-method> <!-- testCase1 -->
      </class> <!-- testcase.TestClass -->
    </test> <!-- Microsoft Edge Test -->
  </suite> <!-- Suite -->
</testng-results>
